{"C:\\Users\\danie\\OneDrive\\Documents\\Course\\Module 2\\Milestone-Project-2.Crazy-Eights-Game\\assets\\js\\script.js": {"path":"C:\\Users\\danie\\OneDrive\\Documents\\Course\\Module 2\\Milestone-Project-2.Crazy-Eights-Game\\assets\\js\\script.js","all":false,"statementMap":{"0":{"start":{"line":1,"column":0},"end":{"line":1,"column":102}},"1":{"start":{"line":2,"column":0},"end":{"line":2,"column":0}},"2":{"start":{"line":3,"column":0},"end":{"line":3,"column":68}},"3":{"start":{"line":4,"column":0},"end":{"line":4,"column":18}},"4":{"start":{"line":5,"column":0},"end":{"line":5,"column":56}},"5":{"start":{"line":6,"column":0},"end":{"line":6,"column":38}},"6":{"start":{"line":7,"column":0},"end":{"line":7,"column":44}},"7":{"start":{"line":8,"column":0},"end":{"line":8,"column":44}},"8":{"start":{"line":9,"column":0},"end":{"line":9,"column":69}},"9":{"start":{"line":10,"column":0},"end":{"line":10,"column":133}},"10":{"start":{"line":11,"column":0},"end":{"line":11,"column":2}},"11":{"start":{"line":12,"column":0},"end":{"line":12,"column":0}},"12":{"start":{"line":13,"column":0},"end":{"line":13,"column":57}},"13":{"start":{"line":14,"column":0},"end":{"line":14,"column":18}},"14":{"start":{"line":15,"column":0},"end":{"line":15,"column":24}},"15":{"start":{"line":16,"column":0},"end":{"line":16,"column":26}},"16":{"start":{"line":17,"column":0},"end":{"line":17,"column":26}},"17":{"start":{"line":18,"column":0},"end":{"line":18,"column":25}},"18":{"start":{"line":19,"column":0},"end":{"line":19,"column":20}},"19":{"start":{"line":20,"column":0},"end":{"line":20,"column":26}},"20":{"start":{"line":21,"column":0},"end":{"line":21,"column":23}},"21":{"start":{"line":22,"column":0},"end":{"line":22,"column":26}},"22":{"start":{"line":23,"column":0},"end":{"line":23,"column":25}},"23":{"start":{"line":24,"column":0},"end":{"line":24,"column":2}},"24":{"start":{"line":25,"column":0},"end":{"line":25,"column":0}},"25":{"start":{"line":26,"column":0},"end":{"line":26,"column":67}},"26":{"start":{"line":27,"column":0},"end":{"line":27,"column":96}},"27":{"start":{"line":28,"column":0},"end":{"line":28,"column":0}},"28":{"start":{"line":29,"column":0},"end":{"line":29,"column":91}},"29":{"start":{"line":30,"column":0},"end":{"line":30,"column":0}},"30":{"start":{"line":31,"column":0},"end":{"line":31,"column":25}},"31":{"start":{"line":32,"column":0},"end":{"line":32,"column":20}},"32":{"start":{"line":33,"column":0},"end":{"line":33,"column":17}},"33":{"start":{"line":34,"column":0},"end":{"line":34,"column":17}},"34":{"start":{"line":35,"column":0},"end":{"line":35,"column":0}},"35":{"start":{"line":36,"column":0},"end":{"line":36,"column":20}},"36":{"start":{"line":37,"column":0},"end":{"line":37,"column":13}},"37":{"start":{"line":38,"column":0},"end":{"line":38,"column":0}},"38":{"start":{"line":39,"column":0},"end":{"line":39,"column":92}},"39":{"start":{"line":40,"column":0},"end":{"line":40,"column":45}},"40":{"start":{"line":41,"column":0},"end":{"line":41,"column":19}},"41":{"start":{"line":42,"column":0},"end":{"line":42,"column":3}},"42":{"start":{"line":43,"column":0},"end":{"line":43,"column":0}},"43":{"start":{"line":44,"column":0},"end":{"line":44,"column":3}},"44":{"start":{"line":45,"column":0},"end":{"line":45,"column":120}},"45":{"start":{"line":46,"column":0},"end":{"line":46,"column":3}},"46":{"start":{"line":47,"column":0},"end":{"line":47,"column":59}},"47":{"start":{"line":48,"column":0},"end":{"line":48,"column":150}},"48":{"start":{"line":49,"column":0},"end":{"line":49,"column":25}},"49":{"start":{"line":50,"column":0},"end":{"line":50,"column":12}},"50":{"start":{"line":51,"column":0},"end":{"line":51,"column":49}},"51":{"start":{"line":52,"column":0},"end":{"line":52,"column":28}},"52":{"start":{"line":53,"column":0},"end":{"line":53,"column":5}},"53":{"start":{"line":54,"column":0},"end":{"line":54,"column":3}},"54":{"start":{"line":55,"column":0},"end":{"line":55,"column":0}},"55":{"start":{"line":56,"column":0},"end":{"line":56,"column":3}},"56":{"start":{"line":57,"column":0},"end":{"line":57,"column":52}},"57":{"start":{"line":58,"column":0},"end":{"line":58,"column":3}},"58":{"start":{"line":59,"column":0},"end":{"line":59,"column":33}},"59":{"start":{"line":60,"column":0},"end":{"line":60,"column":46}},"60":{"start":{"line":61,"column":0},"end":{"line":61,"column":62}},"61":{"start":{"line":62,"column":0},"end":{"line":62,"column":53}},"62":{"start":{"line":63,"column":0},"end":{"line":63,"column":53}},"63":{"start":{"line":64,"column":0},"end":{"line":64,"column":7}},"64":{"start":{"line":65,"column":0},"end":{"line":65,"column":0}},"65":{"start":{"line":66,"column":0},"end":{"line":66,"column":56}},"66":{"start":{"line":67,"column":0},"end":{"line":67,"column":31}},"67":{"start":{"line":68,"column":0},"end":{"line":68,"column":41}},"68":{"start":{"line":69,"column":0},"end":{"line":69,"column":53}},"69":{"start":{"line":70,"column":0},"end":{"line":70,"column":34}},"70":{"start":{"line":71,"column":0},"end":{"line":71,"column":7}},"71":{"start":{"line":72,"column":0},"end":{"line":72,"column":2}},"72":{"start":{"line":73,"column":0},"end":{"line":73,"column":0}},"73":{"start":{"line":74,"column":0},"end":{"line":74,"column":3}},"74":{"start":{"line":75,"column":0},"end":{"line":75,"column":105}},"75":{"start":{"line":76,"column":0},"end":{"line":76,"column":3}},"76":{"start":{"line":77,"column":0},"end":{"line":77,"column":30}},"77":{"start":{"line":78,"column":0},"end":{"line":78,"column":0}},"78":{"start":{"line":79,"column":0},"end":{"line":79,"column":55}},"79":{"start":{"line":80,"column":0},"end":{"line":80,"column":52}},"80":{"start":{"line":81,"column":0},"end":{"line":81,"column":52}},"81":{"start":{"line":82,"column":0},"end":{"line":82,"column":40}},"82":{"start":{"line":83,"column":0},"end":{"line":83,"column":28}},"83":{"start":{"line":84,"column":0},"end":{"line":84,"column":7}},"84":{"start":{"line":85,"column":0},"end":{"line":85,"column":0}},"85":{"start":{"line":86,"column":0},"end":{"line":86,"column":38}},"86":{"start":{"line":87,"column":0},"end":{"line":87,"column":52}},"87":{"start":{"line":88,"column":0},"end":{"line":88,"column":88}},"88":{"start":{"line":89,"column":0},"end":{"line":89,"column":83}},"89":{"start":{"line":90,"column":0},"end":{"line":90,"column":37}},"90":{"start":{"line":91,"column":0},"end":{"line":91,"column":106}},"91":{"start":{"line":92,"column":0},"end":{"line":92,"column":56}},"92":{"start":{"line":93,"column":0},"end":{"line":93,"column":56}},"93":{"start":{"line":94,"column":0},"end":{"line":94,"column":44}},"94":{"start":{"line":95,"column":0},"end":{"line":95,"column":32}},"95":{"start":{"line":96,"column":0},"end":{"line":96,"column":11}},"96":{"start":{"line":97,"column":0},"end":{"line":97,"column":7}},"97":{"start":{"line":98,"column":0},"end":{"line":98,"column":0}},"98":{"start":{"line":99,"column":0},"end":{"line":99,"column":39}},"99":{"start":{"line":100,"column":0},"end":{"line":100,"column":50}},"100":{"start":{"line":101,"column":0},"end":{"line":101,"column":126}},"101":{"start":{"line":102,"column":0},"end":{"line":102,"column":20}},"102":{"start":{"line":103,"column":0},"end":{"line":103,"column":37}},"103":{"start":{"line":104,"column":0},"end":{"line":104,"column":106}},"104":{"start":{"line":105,"column":0},"end":{"line":105,"column":56}},"105":{"start":{"line":106,"column":0},"end":{"line":106,"column":56}},"106":{"start":{"line":107,"column":0},"end":{"line":107,"column":44}},"107":{"start":{"line":108,"column":0},"end":{"line":108,"column":32}},"108":{"start":{"line":109,"column":0},"end":{"line":109,"column":11}},"109":{"start":{"line":110,"column":0},"end":{"line":110,"column":7}},"110":{"start":{"line":111,"column":0},"end":{"line":111,"column":0}},"111":{"start":{"line":112,"column":0},"end":{"line":112,"column":47}},"112":{"start":{"line":113,"column":0},"end":{"line":113,"column":58}},"113":{"start":{"line":114,"column":0},"end":{"line":114,"column":50}},"114":{"start":{"line":115,"column":0},"end":{"line":115,"column":126}},"115":{"start":{"line":116,"column":0},"end":{"line":116,"column":20}},"116":{"start":{"line":117,"column":0},"end":{"line":117,"column":37}},"117":{"start":{"line":118,"column":0},"end":{"line":118,"column":108}},"118":{"start":{"line":119,"column":0},"end":{"line":119,"column":56}},"119":{"start":{"line":120,"column":0},"end":{"line":120,"column":56}},"120":{"start":{"line":121,"column":0},"end":{"line":121,"column":44}},"121":{"start":{"line":122,"column":0},"end":{"line":122,"column":32}},"122":{"start":{"line":123,"column":0},"end":{"line":123,"column":11}},"123":{"start":{"line":124,"column":0},"end":{"line":124,"column":7}},"124":{"start":{"line":125,"column":0},"end":{"line":125,"column":0}},"125":{"start":{"line":126,"column":0},"end":{"line":126,"column":45}},"126":{"start":{"line":127,"column":0},"end":{"line":127,"column":55}},"127":{"start":{"line":128,"column":0},"end":{"line":128,"column":30}},"128":{"start":{"line":129,"column":0},"end":{"line":129,"column":108}},"129":{"start":{"line":130,"column":0},"end":{"line":130,"column":56}},"130":{"start":{"line":131,"column":0},"end":{"line":131,"column":56}},"131":{"start":{"line":132,"column":0},"end":{"line":132,"column":44}},"132":{"start":{"line":133,"column":0},"end":{"line":133,"column":32}},"133":{"start":{"line":134,"column":0},"end":{"line":134,"column":11}},"134":{"start":{"line":135,"column":0},"end":{"line":135,"column":7}},"135":{"start":{"line":136,"column":0},"end":{"line":136,"column":46}},"136":{"start":{"line":137,"column":0},"end":{"line":137,"column":90}},"137":{"start":{"line":138,"column":0},"end":{"line":138,"column":7}},"138":{"start":{"line":139,"column":0},"end":{"line":139,"column":0}},"139":{"start":{"line":140,"column":0},"end":{"line":140,"column":16}},"140":{"start":{"line":141,"column":0},"end":{"line":141,"column":2}},"141":{"start":{"line":142,"column":0},"end":{"line":142,"column":0}},"142":{"start":{"line":143,"column":0},"end":{"line":143,"column":3}},"143":{"start":{"line":144,"column":0},"end":{"line":144,"column":48}},"144":{"start":{"line":145,"column":0},"end":{"line":145,"column":57}},"145":{"start":{"line":146,"column":0},"end":{"line":146,"column":3}},"146":{"start":{"line":147,"column":0},"end":{"line":147,"column":33}},"147":{"start":{"line":148,"column":0},"end":{"line":148,"column":49}},"148":{"start":{"line":149,"column":0},"end":{"line":149,"column":45}},"149":{"start":{"line":150,"column":0},"end":{"line":150,"column":53}},"150":{"start":{"line":151,"column":0},"end":{"line":151,"column":12}},"151":{"start":{"line":152,"column":0},"end":{"line":152,"column":55}},"152":{"start":{"line":153,"column":0},"end":{"line":153,"column":5}},"153":{"start":{"line":154,"column":0},"end":{"line":154,"column":68}},"154":{"start":{"line":155,"column":0},"end":{"line":155,"column":43}},"155":{"start":{"line":156,"column":0},"end":{"line":156,"column":2}},"156":{"start":{"line":157,"column":0},"end":{"line":157,"column":0}},"157":{"start":{"line":158,"column":0},"end":{"line":158,"column":3}},"158":{"start":{"line":159,"column":0},"end":{"line":159,"column":68}},"159":{"start":{"line":160,"column":0},"end":{"line":160,"column":3}},"160":{"start":{"line":161,"column":0},"end":{"line":161,"column":31}},"161":{"start":{"line":162,"column":0},"end":{"line":162,"column":59}},"162":{"start":{"line":163,"column":0},"end":{"line":163,"column":15}},"163":{"start":{"line":164,"column":0},"end":{"line":164,"column":65}},"164":{"start":{"line":165,"column":0},"end":{"line":165,"column":2}},"165":{"start":{"line":166,"column":0},"end":{"line":166,"column":0}},"166":{"start":{"line":167,"column":0},"end":{"line":167,"column":3}},"167":{"start":{"line":168,"column":0},"end":{"line":168,"column":44}},"168":{"start":{"line":169,"column":0},"end":{"line":169,"column":52}},"169":{"start":{"line":170,"column":0},"end":{"line":170,"column":3}},"170":{"start":{"line":171,"column":0},"end":{"line":171,"column":24}},"171":{"start":{"line":172,"column":0},"end":{"line":172,"column":28}},"172":{"start":{"line":173,"column":0},"end":{"line":173,"column":32}},"173":{"start":{"line":174,"column":0},"end":{"line":174,"column":30}},"174":{"start":{"line":175,"column":0},"end":{"line":175,"column":33}},"175":{"start":{"line":176,"column":0},"end":{"line":176,"column":33}},"176":{"start":{"line":177,"column":0},"end":{"line":177,"column":34}},"177":{"start":{"line":178,"column":0},"end":{"line":178,"column":66}},"178":{"start":{"line":179,"column":0},"end":{"line":179,"column":60}},"179":{"start":{"line":180,"column":0},"end":{"line":180,"column":60}},"180":{"start":{"line":181,"column":0},"end":{"line":181,"column":70}},"181":{"start":{"line":182,"column":0},"end":{"line":182,"column":68}},"182":{"start":{"line":183,"column":0},"end":{"line":183,"column":74}},"183":{"start":{"line":184,"column":0},"end":{"line":184,"column":30}},"184":{"start":{"line":185,"column":0},"end":{"line":185,"column":30}},"185":{"start":{"line":186,"column":0},"end":{"line":186,"column":30}},"186":{"start":{"line":187,"column":0},"end":{"line":187,"column":53}},"187":{"start":{"line":188,"column":0},"end":{"line":188,"column":30}},"188":{"start":{"line":189,"column":0},"end":{"line":189,"column":51}},"189":{"start":{"line":190,"column":0},"end":{"line":190,"column":30}},"190":{"start":{"line":191,"column":0},"end":{"line":191,"column":36}},"191":{"start":{"line":192,"column":0},"end":{"line":192,"column":38}},"192":{"start":{"line":193,"column":0},"end":{"line":193,"column":52}},"193":{"start":{"line":194,"column":0},"end":{"line":194,"column":106}},"194":{"start":{"line":195,"column":0},"end":{"line":195,"column":55}},"195":{"start":{"line":196,"column":0},"end":{"line":196,"column":55}},"196":{"start":{"line":197,"column":0},"end":{"line":197,"column":2}},"197":{"start":{"line":198,"column":0},"end":{"line":198,"column":0}},"198":{"start":{"line":199,"column":0},"end":{"line":199,"column":3}},"199":{"start":{"line":200,"column":0},"end":{"line":200,"column":133}},"200":{"start":{"line":201,"column":0},"end":{"line":201,"column":47}},"201":{"start":{"line":202,"column":0},"end":{"line":202,"column":121}},"202":{"start":{"line":203,"column":0},"end":{"line":203,"column":3}},"203":{"start":{"line":204,"column":0},"end":{"line":204,"column":33}},"204":{"start":{"line":205,"column":0},"end":{"line":205,"column":84}},"205":{"start":{"line":206,"column":0},"end":{"line":206,"column":42}},"206":{"start":{"line":207,"column":0},"end":{"line":207,"column":27}},"207":{"start":{"line":208,"column":0},"end":{"line":208,"column":50}},"208":{"start":{"line":209,"column":0},"end":{"line":209,"column":98}},"209":{"start":{"line":210,"column":0},"end":{"line":210,"column":50}},"210":{"start":{"line":211,"column":0},"end":{"line":211,"column":31}},"211":{"start":{"line":212,"column":0},"end":{"line":212,"column":51}},"212":{"start":{"line":213,"column":0},"end":{"line":213,"column":145}},"213":{"start":{"line":214,"column":0},"end":{"line":214,"column":21}},"214":{"start":{"line":215,"column":0},"end":{"line":215,"column":25}},"215":{"start":{"line":216,"column":0},"end":{"line":216,"column":42}},"216":{"start":{"line":217,"column":0},"end":{"line":217,"column":37}},"217":{"start":{"line":218,"column":0},"end":{"line":218,"column":39}},"218":{"start":{"line":219,"column":0},"end":{"line":219,"column":21}},"219":{"start":{"line":220,"column":0},"end":{"line":220,"column":0}},"220":{"start":{"line":221,"column":0},"end":{"line":221,"column":37}},"221":{"start":{"line":222,"column":0},"end":{"line":222,"column":35}},"222":{"start":{"line":223,"column":0},"end":{"line":223,"column":19}},"223":{"start":{"line":224,"column":0},"end":{"line":224,"column":11}},"224":{"start":{"line":225,"column":0},"end":{"line":225,"column":2}},"225":{"start":{"line":226,"column":0},"end":{"line":226,"column":0}},"226":{"start":{"line":227,"column":0},"end":{"line":227,"column":3}},"227":{"start":{"line":228,"column":0},"end":{"line":228,"column":40}},"228":{"start":{"line":229,"column":0},"end":{"line":229,"column":3}},"229":{"start":{"line":230,"column":0},"end":{"line":230,"column":28}},"230":{"start":{"line":231,"column":0},"end":{"line":231,"column":26}},"231":{"start":{"line":232,"column":0},"end":{"line":232,"column":28}},"232":{"start":{"line":233,"column":0},"end":{"line":233,"column":41}},"233":{"start":{"line":234,"column":0},"end":{"line":234,"column":65}},"234":{"start":{"line":235,"column":0},"end":{"line":235,"column":13}},"235":{"start":{"line":236,"column":0},"end":{"line":236,"column":40}},"236":{"start":{"line":237,"column":0},"end":{"line":237,"column":56}},"237":{"start":{"line":238,"column":0},"end":{"line":238,"column":34}},"238":{"start":{"line":239,"column":0},"end":{"line":239,"column":88}},"239":{"start":{"line":240,"column":0},"end":{"line":240,"column":15}},"240":{"start":{"line":241,"column":0},"end":{"line":241,"column":14}},"241":{"start":{"line":242,"column":0},"end":{"line":242,"column":13}},"242":{"start":{"line":243,"column":0},"end":{"line":243,"column":27}},"243":{"start":{"line":244,"column":0},"end":{"line":244,"column":36}},"244":{"start":{"line":245,"column":0},"end":{"line":245,"column":39}},"245":{"start":{"line":246,"column":0},"end":{"line":246,"column":82}},"246":{"start":{"line":247,"column":0},"end":{"line":247,"column":120}},"247":{"start":{"line":248,"column":0},"end":{"line":248,"column":54}},"248":{"start":{"line":249,"column":0},"end":{"line":249,"column":110}},"249":{"start":{"line":250,"column":0},"end":{"line":250,"column":26}},"250":{"start":{"line":251,"column":0},"end":{"line":251,"column":14}},"251":{"start":{"line":252,"column":0},"end":{"line":252,"column":13}},"252":{"start":{"line":253,"column":0},"end":{"line":253,"column":56}},"253":{"start":{"line":254,"column":0},"end":{"line":254,"column":34}},"254":{"start":{"line":255,"column":0},"end":{"line":255,"column":104}},"255":{"start":{"line":256,"column":0},"end":{"line":256,"column":15}},"256":{"start":{"line":257,"column":0},"end":{"line":257,"column":17}},"257":{"start":{"line":258,"column":0},"end":{"line":258,"column":2}},"258":{"start":{"line":259,"column":0},"end":{"line":259,"column":0}},"259":{"start":{"line":260,"column":0},"end":{"line":260,"column":3}},"260":{"start":{"line":261,"column":0},"end":{"line":261,"column":116}},"261":{"start":{"line":262,"column":0},"end":{"line":262,"column":76}},"262":{"start":{"line":263,"column":0},"end":{"line":263,"column":105}},"263":{"start":{"line":264,"column":0},"end":{"line":264,"column":3}},"264":{"start":{"line":265,"column":0},"end":{"line":265,"column":31}},"265":{"start":{"line":266,"column":0},"end":{"line":266,"column":36}},"266":{"start":{"line":267,"column":0},"end":{"line":267,"column":33}},"267":{"start":{"line":268,"column":0},"end":{"line":268,"column":33}},"268":{"start":{"line":269,"column":0},"end":{"line":269,"column":65}},"269":{"start":{"line":270,"column":0},"end":{"line":270,"column":61}},"270":{"start":{"line":271,"column":0},"end":{"line":271,"column":50}},"271":{"start":{"line":272,"column":0},"end":{"line":272,"column":21}},"272":{"start":{"line":273,"column":0},"end":{"line":273,"column":27}},"273":{"start":{"line":274,"column":0},"end":{"line":274,"column":39}},"274":{"start":{"line":275,"column":0},"end":{"line":275,"column":33}},"275":{"start":{"line":276,"column":0},"end":{"line":276,"column":33}},"276":{"start":{"line":277,"column":0},"end":{"line":277,"column":2}},"277":{"start":{"line":278,"column":0},"end":{"line":278,"column":0}},"278":{"start":{"line":279,"column":0},"end":{"line":279,"column":3}},"279":{"start":{"line":280,"column":0},"end":{"line":280,"column":54}},"280":{"start":{"line":281,"column":0},"end":{"line":281,"column":23}},"281":{"start":{"line":282,"column":0},"end":{"line":282,"column":3}},"282":{"start":{"line":283,"column":0},"end":{"line":283,"column":28}},"283":{"start":{"line":284,"column":0},"end":{"line":284,"column":33}},"284":{"start":{"line":285,"column":0},"end":{"line":285,"column":69}},"285":{"start":{"line":286,"column":0},"end":{"line":286,"column":55}},"286":{"start":{"line":287,"column":0},"end":{"line":287,"column":54}},"287":{"start":{"line":288,"column":0},"end":{"line":288,"column":33}},"288":{"start":{"line":289,"column":0},"end":{"line":289,"column":5}},"289":{"start":{"line":290,"column":0},"end":{"line":290,"column":2}},"290":{"start":{"line":291,"column":0},"end":{"line":291,"column":0}},"291":{"start":{"line":292,"column":0},"end":{"line":292,"column":3}},"292":{"start":{"line":293,"column":0},"end":{"line":293,"column":41}},"293":{"start":{"line":294,"column":0},"end":{"line":294,"column":86}},"294":{"start":{"line":295,"column":0},"end":{"line":295,"column":100}},"295":{"start":{"line":296,"column":0},"end":{"line":296,"column":3}},"296":{"start":{"line":297,"column":0},"end":{"line":297,"column":31}},"297":{"start":{"line":298,"column":0},"end":{"line":298,"column":28}},"298":{"start":{"line":299,"column":0},"end":{"line":299,"column":30}},"299":{"start":{"line":300,"column":0},"end":{"line":300,"column":36}},"300":{"start":{"line":301,"column":0},"end":{"line":301,"column":36}},"301":{"start":{"line":302,"column":0},"end":{"line":302,"column":38}},"302":{"start":{"line":303,"column":0},"end":{"line":303,"column":43}},"303":{"start":{"line":304,"column":0},"end":{"line":304,"column":38}},"304":{"start":{"line":305,"column":0},"end":{"line":305,"column":39}},"305":{"start":{"line":306,"column":0},"end":{"line":306,"column":38}},"306":{"start":{"line":307,"column":0},"end":{"line":307,"column":12}},"307":{"start":{"line":308,"column":0},"end":{"line":308,"column":39}},"308":{"start":{"line":309,"column":0},"end":{"line":309,"column":5}},"309":{"start":{"line":310,"column":0},"end":{"line":310,"column":21}},"310":{"start":{"line":311,"column":0},"end":{"line":311,"column":2}},"311":{"start":{"line":312,"column":0},"end":{"line":312,"column":0}},"312":{"start":{"line":313,"column":0},"end":{"line":313,"column":3}},"313":{"start":{"line":314,"column":0},"end":{"line":314,"column":73}},"314":{"start":{"line":315,"column":0},"end":{"line":315,"column":56}},"315":{"start":{"line":316,"column":0},"end":{"line":316,"column":3}},"316":{"start":{"line":317,"column":0},"end":{"line":317,"column":30}},"317":{"start":{"line":318,"column":0},"end":{"line":318,"column":29}},"318":{"start":{"line":319,"column":0},"end":{"line":319,"column":55}},"319":{"start":{"line":320,"column":0},"end":{"line":320,"column":27}},"320":{"start":{"line":321,"column":0},"end":{"line":321,"column":12}},"321":{"start":{"line":322,"column":0},"end":{"line":322,"column":56}},"322":{"start":{"line":323,"column":0},"end":{"line":323,"column":5}},"323":{"start":{"line":324,"column":0},"end":{"line":324,"column":2}},"324":{"start":{"line":325,"column":0},"end":{"line":325,"column":0}},"325":{"start":{"line":326,"column":0},"end":{"line":326,"column":3}},"326":{"start":{"line":327,"column":0},"end":{"line":327,"column":42}},"327":{"start":{"line":328,"column":0},"end":{"line":328,"column":3}},"328":{"start":{"line":329,"column":0},"end":{"line":329,"column":30}},"329":{"start":{"line":330,"column":0},"end":{"line":330,"column":26}},"330":{"start":{"line":331,"column":0},"end":{"line":331,"column":132}},"331":{"start":{"line":332,"column":0},"end":{"line":332,"column":7}},"332":{"start":{"line":333,"column":0},"end":{"line":333,"column":32}},"333":{"start":{"line":334,"column":0},"end":{"line":334,"column":130}},"334":{"start":{"line":335,"column":0},"end":{"line":335,"column":7}},"335":{"start":{"line":336,"column":0},"end":{"line":336,"column":2}},"336":{"start":{"line":337,"column":0},"end":{"line":337,"column":0}},"337":{"start":{"line":338,"column":0},"end":{"line":338,"column":3}},"338":{"start":{"line":339,"column":0},"end":{"line":339,"column":47}},"339":{"start":{"line":340,"column":0},"end":{"line":340,"column":3}},"340":{"start":{"line":341,"column":0},"end":{"line":341,"column":42}},"341":{"start":{"line":342,"column":0},"end":{"line":342,"column":27}},"342":{"start":{"line":343,"column":0},"end":{"line":343,"column":38}},"343":{"start":{"line":344,"column":0},"end":{"line":344,"column":19}},"344":{"start":{"line":345,"column":0},"end":{"line":345,"column":24}},"345":{"start":{"line":346,"column":0},"end":{"line":346,"column":42}},"346":{"start":{"line":347,"column":0},"end":{"line":347,"column":52}},"347":{"start":{"line":348,"column":0},"end":{"line":348,"column":88}},"348":{"start":{"line":349,"column":0},"end":{"line":349,"column":2}},"349":{"start":{"line":350,"column":0},"end":{"line":350,"column":0}},"350":{"start":{"line":351,"column":0},"end":{"line":351,"column":3}},"351":{"start":{"line":352,"column":0},"end":{"line":352,"column":47}},"352":{"start":{"line":353,"column":0},"end":{"line":353,"column":3}},"353":{"start":{"line":354,"column":0},"end":{"line":354,"column":42}},"354":{"start":{"line":355,"column":0},"end":{"line":355,"column":27}},"355":{"start":{"line":356,"column":0},"end":{"line":356,"column":38}},"356":{"start":{"line":357,"column":0},"end":{"line":357,"column":19}},"357":{"start":{"line":358,"column":0},"end":{"line":358,"column":24}},"358":{"start":{"line":359,"column":0},"end":{"line":359,"column":42}},"359":{"start":{"line":360,"column":0},"end":{"line":360,"column":52}},"360":{"start":{"line":361,"column":0},"end":{"line":361,"column":88}},"361":{"start":{"line":362,"column":0},"end":{"line":362,"column":2}},"362":{"start":{"line":363,"column":0},"end":{"line":363,"column":0}},"363":{"start":{"line":364,"column":0},"end":{"line":364,"column":3}},"364":{"start":{"line":365,"column":0},"end":{"line":365,"column":120}},"365":{"start":{"line":366,"column":0},"end":{"line":366,"column":61}},"366":{"start":{"line":367,"column":0},"end":{"line":367,"column":23}},"367":{"start":{"line":368,"column":0},"end":{"line":368,"column":35}},"368":{"start":{"line":369,"column":0},"end":{"line":369,"column":3}},"369":{"start":{"line":370,"column":0},"end":{"line":370,"column":41}},"370":{"start":{"line":371,"column":0},"end":{"line":371,"column":26}},"371":{"start":{"line":372,"column":0},"end":{"line":372,"column":47}},"372":{"start":{"line":373,"column":0},"end":{"line":373,"column":47}},"373":{"start":{"line":374,"column":0},"end":{"line":374,"column":9}},"374":{"start":{"line":375,"column":0},"end":{"line":375,"column":12}},"375":{"start":{"line":376,"column":0},"end":{"line":376,"column":37}},"376":{"start":{"line":377,"column":0},"end":{"line":377,"column":47}},"377":{"start":{"line":378,"column":0},"end":{"line":378,"column":9}},"378":{"start":{"line":379,"column":0},"end":{"line":379,"column":5}},"379":{"start":{"line":380,"column":0},"end":{"line":380,"column":2}},"380":{"start":{"line":381,"column":0},"end":{"line":381,"column":0}},"381":{"start":{"line":382,"column":0},"end":{"line":382,"column":3}},"382":{"start":{"line":383,"column":0},"end":{"line":383,"column":70}},"383":{"start":{"line":384,"column":0},"end":{"line":384,"column":71}},"384":{"start":{"line":385,"column":0},"end":{"line":385,"column":23}},"385":{"start":{"line":386,"column":0},"end":{"line":386,"column":35}},"386":{"start":{"line":387,"column":0},"end":{"line":387,"column":3}},"387":{"start":{"line":388,"column":0},"end":{"line":388,"column":46}},"388":{"start":{"line":389,"column":0},"end":{"line":389,"column":26}},"389":{"start":{"line":390,"column":0},"end":{"line":390,"column":27}},"390":{"start":{"line":391,"column":0},"end":{"line":391,"column":59}},"391":{"start":{"line":392,"column":0},"end":{"line":392,"column":123}},"392":{"start":{"line":393,"column":0},"end":{"line":393,"column":17}},"393":{"start":{"line":394,"column":0},"end":{"line":394,"column":5}},"394":{"start":{"line":395,"column":0},"end":{"line":395,"column":2}},"395":{"start":{"line":396,"column":0},"end":{"line":396,"column":0}},"396":{"start":{"line":397,"column":0},"end":{"line":397,"column":3}},"397":{"start":{"line":398,"column":0},"end":{"line":398,"column":89}},"398":{"start":{"line":399,"column":0},"end":{"line":399,"column":35}},"399":{"start":{"line":400,"column":0},"end":{"line":400,"column":3}},"400":{"start":{"line":401,"column":0},"end":{"line":401,"column":48}},"401":{"start":{"line":402,"column":0},"end":{"line":402,"column":23}},"402":{"start":{"line":403,"column":0},"end":{"line":403,"column":70}},"403":{"start":{"line":404,"column":0},"end":{"line":404,"column":122}},"404":{"start":{"line":405,"column":0},"end":{"line":405,"column":13}},"405":{"start":{"line":406,"column":0},"end":{"line":406,"column":2}},"406":{"start":{"line":407,"column":0},"end":{"line":407,"column":0}},"407":{"start":{"line":408,"column":0},"end":{"line":408,"column":3}},"408":{"start":{"line":409,"column":0},"end":{"line":409,"column":56}},"409":{"start":{"line":410,"column":0},"end":{"line":410,"column":58}},"410":{"start":{"line":411,"column":0},"end":{"line":411,"column":63}},"411":{"start":{"line":412,"column":0},"end":{"line":412,"column":3}},"412":{"start":{"line":413,"column":0},"end":{"line":413,"column":35}},"413":{"start":{"line":414,"column":0},"end":{"line":414,"column":77}},"414":{"start":{"line":415,"column":0},"end":{"line":415,"column":47}},"415":{"start":{"line":416,"column":0},"end":{"line":416,"column":40}},"416":{"start":{"line":417,"column":0},"end":{"line":417,"column":85}},"417":{"start":{"line":418,"column":0},"end":{"line":418,"column":55}},"418":{"start":{"line":419,"column":0},"end":{"line":419,"column":57}},"419":{"start":{"line":420,"column":0},"end":{"line":420,"column":47}},"420":{"start":{"line":421,"column":0},"end":{"line":421,"column":26}},"421":{"start":{"line":422,"column":0},"end":{"line":422,"column":22}},"422":{"start":{"line":423,"column":0},"end":{"line":423,"column":17}},"423":{"start":{"line":424,"column":0},"end":{"line":424,"column":12}},"424":{"start":{"line":425,"column":0},"end":{"line":425,"column":26}},"425":{"start":{"line":426,"column":0},"end":{"line":426,"column":22}},"426":{"start":{"line":427,"column":0},"end":{"line":427,"column":17}},"427":{"start":{"line":428,"column":0},"end":{"line":428,"column":5}},"428":{"start":{"line":429,"column":0},"end":{"line":429,"column":2}},"429":{"start":{"line":430,"column":0},"end":{"line":430,"column":0}},"430":{"start":{"line":431,"column":0},"end":{"line":431,"column":3}},"431":{"start":{"line":432,"column":0},"end":{"line":432,"column":73}},"432":{"start":{"line":433,"column":0},"end":{"line":433,"column":3}},"433":{"start":{"line":434,"column":0},"end":{"line":434,"column":39}},"434":{"start":{"line":435,"column":0},"end":{"line":435,"column":30}},"435":{"start":{"line":436,"column":0},"end":{"line":436,"column":36}},"436":{"start":{"line":437,"column":0},"end":{"line":437,"column":28}},"437":{"start":{"line":438,"column":0},"end":{"line":438,"column":34}},"438":{"start":{"line":439,"column":0},"end":{"line":439,"column":87}},"439":{"start":{"line":440,"column":0},"end":{"line":440,"column":94}},"440":{"start":{"line":441,"column":0},"end":{"line":441,"column":14}},"441":{"start":{"line":442,"column":0},"end":{"line":442,"column":11}},"442":{"start":{"line":443,"column":0},"end":{"line":443,"column":40}},"443":{"start":{"line":444,"column":0},"end":{"line":444,"column":87}},"444":{"start":{"line":445,"column":0},"end":{"line":445,"column":92}},"445":{"start":{"line":446,"column":0},"end":{"line":446,"column":14}},"446":{"start":{"line":447,"column":0},"end":{"line":447,"column":11}},"447":{"start":{"line":448,"column":0},"end":{"line":448,"column":5}},"448":{"start":{"line":449,"column":0},"end":{"line":449,"column":2}},"449":{"start":{"line":450,"column":0},"end":{"line":450,"column":0}},"450":{"start":{"line":451,"column":0},"end":{"line":451,"column":3}},"451":{"start":{"line":452,"column":0},"end":{"line":452,"column":142}},"452":{"start":{"line":453,"column":0},"end":{"line":453,"column":106}},"453":{"start":{"line":454,"column":0},"end":{"line":454,"column":3}},"454":{"start":{"line":455,"column":0},"end":{"line":455,"column":38}},"455":{"start":{"line":456,"column":0},"end":{"line":456,"column":19}},"456":{"start":{"line":457,"column":0},"end":{"line":457,"column":41}},"457":{"start":{"line":458,"column":0},"end":{"line":458,"column":25}},"458":{"start":{"line":459,"column":0},"end":{"line":459,"column":5}},"459":{"start":{"line":460,"column":0},"end":{"line":460,"column":55}},"460":{"start":{"line":461,"column":0},"end":{"line":461,"column":67}},"461":{"start":{"line":462,"column":0},"end":{"line":462,"column":7}},"462":{"start":{"line":463,"column":0},"end":{"line":463,"column":38}},"463":{"start":{"line":464,"column":0},"end":{"line":464,"column":2}},"464":{"start":{"line":465,"column":0},"end":{"line":465,"column":0}},"465":{"start":{"line":466,"column":0},"end":{"line":466,"column":3}},"466":{"start":{"line":467,"column":0},"end":{"line":467,"column":42}},"467":{"start":{"line":468,"column":0},"end":{"line":468,"column":98}},"468":{"start":{"line":469,"column":0},"end":{"line":469,"column":3}},"469":{"start":{"line":470,"column":0},"end":{"line":470,"column":31}},"470":{"start":{"line":471,"column":0},"end":{"line":471,"column":30}},"471":{"start":{"line":472,"column":0},"end":{"line":472,"column":31}},"472":{"start":{"line":473,"column":0},"end":{"line":473,"column":84}},"473":{"start":{"line":474,"column":0},"end":{"line":474,"column":29}},"474":{"start":{"line":475,"column":0},"end":{"line":475,"column":137}},"475":{"start":{"line":476,"column":0},"end":{"line":476,"column":5}},"476":{"start":{"line":477,"column":0},"end":{"line":477,"column":72}},"477":{"start":{"line":478,"column":0},"end":{"line":478,"column":87}},"478":{"start":{"line":479,"column":0},"end":{"line":479,"column":21}},"479":{"start":{"line":480,"column":0},"end":{"line":480,"column":64}},"480":{"start":{"line":481,"column":0},"end":{"line":481,"column":44}},"481":{"start":{"line":482,"column":0},"end":{"line":482,"column":25}},"482":{"start":{"line":483,"column":0},"end":{"line":483,"column":60}},"483":{"start":{"line":484,"column":0},"end":{"line":484,"column":55}},"484":{"start":{"line":485,"column":0},"end":{"line":485,"column":57}},"485":{"start":{"line":486,"column":0},"end":{"line":486,"column":126}},"486":{"start":{"line":487,"column":0},"end":{"line":487,"column":26}},"487":{"start":{"line":488,"column":0},"end":{"line":488,"column":22}},"488":{"start":{"line":489,"column":0},"end":{"line":489,"column":17}},"489":{"start":{"line":490,"column":0},"end":{"line":490,"column":12}},"490":{"start":{"line":491,"column":0},"end":{"line":491,"column":26}},"491":{"start":{"line":492,"column":0},"end":{"line":492,"column":22}},"492":{"start":{"line":493,"column":0},"end":{"line":493,"column":17}},"493":{"start":{"line":494,"column":0},"end":{"line":494,"column":5}},"494":{"start":{"line":495,"column":0},"end":{"line":495,"column":2}},"495":{"start":{"line":496,"column":0},"end":{"line":496,"column":0}},"496":{"start":{"line":497,"column":0},"end":{"line":497,"column":3}},"497":{"start":{"line":498,"column":0},"end":{"line":498,"column":48}},"498":{"start":{"line":499,"column":0},"end":{"line":499,"column":3}},"499":{"start":{"line":500,"column":0},"end":{"line":500,"column":23}},"500":{"start":{"line":501,"column":0},"end":{"line":501,"column":28}},"501":{"start":{"line":502,"column":0},"end":{"line":502,"column":89}},"502":{"start":{"line":503,"column":0},"end":{"line":503,"column":54}},"503":{"start":{"line":504,"column":0},"end":{"line":504,"column":33}},"504":{"start":{"line":505,"column":0},"end":{"line":505,"column":64}},"505":{"start":{"line":506,"column":0},"end":{"line":506,"column":40}},"506":{"start":{"line":507,"column":0},"end":{"line":507,"column":85}},"507":{"start":{"line":508,"column":0},"end":{"line":508,"column":55}},"508":{"start":{"line":509,"column":0},"end":{"line":509,"column":57}},"509":{"start":{"line":510,"column":0},"end":{"line":510,"column":48}},"510":{"start":{"line":511,"column":0},"end":{"line":511,"column":22}},"511":{"start":{"line":512,"column":0},"end":{"line":512,"column":75}},"512":{"start":{"line":513,"column":0},"end":{"line":513,"column":55}},"513":{"start":{"line":514,"column":0},"end":{"line":514,"column":57}},"514":{"start":{"line":515,"column":0},"end":{"line":515,"column":126}},"515":{"start":{"line":516,"column":0},"end":{"line":516,"column":26}},"516":{"start":{"line":517,"column":0},"end":{"line":517,"column":22}},"517":{"start":{"line":518,"column":0},"end":{"line":518,"column":17}},"518":{"start":{"line":519,"column":0},"end":{"line":519,"column":12}},"519":{"start":{"line":520,"column":0},"end":{"line":520,"column":43}},"520":{"start":{"line":521,"column":0},"end":{"line":521,"column":5}},"521":{"start":{"line":522,"column":0},"end":{"line":522,"column":2}},"522":{"start":{"line":523,"column":0},"end":{"line":523,"column":0}},"523":{"start":{"line":524,"column":0},"end":{"line":524,"column":3}},"524":{"start":{"line":525,"column":0},"end":{"line":525,"column":48}},"525":{"start":{"line":526,"column":0},"end":{"line":526,"column":3}},"526":{"start":{"line":527,"column":0},"end":{"line":527,"column":23}},"527":{"start":{"line":528,"column":0},"end":{"line":528,"column":28}},"528":{"start":{"line":529,"column":0},"end":{"line":529,"column":89}},"529":{"start":{"line":530,"column":0},"end":{"line":530,"column":54}},"530":{"start":{"line":531,"column":0},"end":{"line":531,"column":33}},"531":{"start":{"line":532,"column":0},"end":{"line":532,"column":64}},"532":{"start":{"line":533,"column":0},"end":{"line":533,"column":40}},"533":{"start":{"line":534,"column":0},"end":{"line":534,"column":85}},"534":{"start":{"line":535,"column":0},"end":{"line":535,"column":55}},"535":{"start":{"line":536,"column":0},"end":{"line":536,"column":57}},"536":{"start":{"line":537,"column":0},"end":{"line":537,"column":48}},"537":{"start":{"line":538,"column":0},"end":{"line":538,"column":22}},"538":{"start":{"line":539,"column":0},"end":{"line":539,"column":75}},"539":{"start":{"line":540,"column":0},"end":{"line":540,"column":55}},"540":{"start":{"line":541,"column":0},"end":{"line":541,"column":57}},"541":{"start":{"line":542,"column":0},"end":{"line":542,"column":126}},"542":{"start":{"line":543,"column":0},"end":{"line":543,"column":43}},"543":{"start":{"line":544,"column":0},"end":{"line":544,"column":12}},"544":{"start":{"line":545,"column":0},"end":{"line":545,"column":26}},"545":{"start":{"line":546,"column":0},"end":{"line":546,"column":22}},"546":{"start":{"line":547,"column":0},"end":{"line":547,"column":17}},"547":{"start":{"line":548,"column":0},"end":{"line":548,"column":5}},"548":{"start":{"line":549,"column":0},"end":{"line":549,"column":2}},"549":{"start":{"line":550,"column":0},"end":{"line":550,"column":0}},"550":{"start":{"line":551,"column":0},"end":{"line":551,"column":3}},"551":{"start":{"line":552,"column":0},"end":{"line":552,"column":110}},"552":{"start":{"line":553,"column":0},"end":{"line":553,"column":23}},"553":{"start":{"line":554,"column":0},"end":{"line":554,"column":3}},"554":{"start":{"line":555,"column":0},"end":{"line":555,"column":36}},"555":{"start":{"line":556,"column":0},"end":{"line":556,"column":36}},"556":{"start":{"line":557,"column":0},"end":{"line":557,"column":32}},"557":{"start":{"line":558,"column":0},"end":{"line":558,"column":43}},"558":{"start":{"line":559,"column":0},"end":{"line":559,"column":32}},"559":{"start":{"line":560,"column":0},"end":{"line":560,"column":39}},"560":{"start":{"line":561,"column":0},"end":{"line":561,"column":32}},"561":{"start":{"line":562,"column":0},"end":{"line":562,"column":12}},"562":{"start":{"line":563,"column":0},"end":{"line":563,"column":33}},"563":{"start":{"line":564,"column":0},"end":{"line":564,"column":5}},"564":{"start":{"line":565,"column":0},"end":{"line":565,"column":2}},"565":{"start":{"line":566,"column":0},"end":{"line":566,"column":0}},"566":{"start":{"line":567,"column":0},"end":{"line":567,"column":3}},"567":{"start":{"line":568,"column":0},"end":{"line":568,"column":127}},"568":{"start":{"line":569,"column":0},"end":{"line":569,"column":23}},"569":{"start":{"line":570,"column":0},"end":{"line":570,"column":26}},"570":{"start":{"line":571,"column":0},"end":{"line":571,"column":3}},"571":{"start":{"line":572,"column":0},"end":{"line":572,"column":36}},"572":{"start":{"line":573,"column":0},"end":{"line":573,"column":48}},"573":{"start":{"line":574,"column":0},"end":{"line":574,"column":31}},"574":{"start":{"line":575,"column":0},"end":{"line":575,"column":12}},"575":{"start":{"line":576,"column":0},"end":{"line":576,"column":37}},"576":{"start":{"line":577,"column":0},"end":{"line":577,"column":5}},"577":{"start":{"line":578,"column":0},"end":{"line":578,"column":2}},"578":{"start":{"line":579,"column":0},"end":{"line":579,"column":0}},"579":{"start":{"line":580,"column":0},"end":{"line":580,"column":3}},"580":{"start":{"line":581,"column":0},"end":{"line":581,"column":71}},"581":{"start":{"line":582,"column":0},"end":{"line":582,"column":81}},"582":{"start":{"line":583,"column":0},"end":{"line":583,"column":23}},"583":{"start":{"line":584,"column":0},"end":{"line":584,"column":26}},"584":{"start":{"line":585,"column":0},"end":{"line":585,"column":3}},"585":{"start":{"line":586,"column":0},"end":{"line":586,"column":36}},"586":{"start":{"line":587,"column":0},"end":{"line":587,"column":23}},"587":{"start":{"line":588,"column":0},"end":{"line":588,"column":36}},"588":{"start":{"line":589,"column":0},"end":{"line":589,"column":57}},"589":{"start":{"line":590,"column":0},"end":{"line":590,"column":31}},"590":{"start":{"line":591,"column":0},"end":{"line":591,"column":53}},"591":{"start":{"line":592,"column":0},"end":{"line":592,"column":27}},"592":{"start":{"line":593,"column":0},"end":{"line":593,"column":20}},"593":{"start":{"line":594,"column":0},"end":{"line":594,"column":45}},"594":{"start":{"line":595,"column":0},"end":{"line":595,"column":22}},"595":{"start":{"line":596,"column":0},"end":{"line":596,"column":13}},"596":{"start":{"line":597,"column":0},"end":{"line":597,"column":9}},"597":{"start":{"line":598,"column":0},"end":{"line":598,"column":85}},"598":{"start":{"line":599,"column":0},"end":{"line":599,"column":34}},"599":{"start":{"line":600,"column":0},"end":{"line":600,"column":43}},"600":{"start":{"line":601,"column":0},"end":{"line":601,"column":57}},"601":{"start":{"line":602,"column":0},"end":{"line":602,"column":31}},"602":{"start":{"line":603,"column":0},"end":{"line":603,"column":53}},"603":{"start":{"line":604,"column":0},"end":{"line":604,"column":27}},"604":{"start":{"line":605,"column":0},"end":{"line":605,"column":20}},"605":{"start":{"line":606,"column":0},"end":{"line":606,"column":45}},"606":{"start":{"line":607,"column":0},"end":{"line":607,"column":22}},"607":{"start":{"line":608,"column":0},"end":{"line":608,"column":13}},"608":{"start":{"line":609,"column":0},"end":{"line":609,"column":9}},"609":{"start":{"line":610,"column":0},"end":{"line":610,"column":85}},"610":{"start":{"line":611,"column":0},"end":{"line":611,"column":34}},"611":{"start":{"line":612,"column":0},"end":{"line":612,"column":12}},"612":{"start":{"line":613,"column":0},"end":{"line":613,"column":49}},"613":{"start":{"line":614,"column":0},"end":{"line":614,"column":23}},"614":{"start":{"line":615,"column":0},"end":{"line":615,"column":65}},"615":{"start":{"line":616,"column":0},"end":{"line":616,"column":16}},"616":{"start":{"line":617,"column":0},"end":{"line":617,"column":41}},"617":{"start":{"line":618,"column":0},"end":{"line":618,"column":9}},"618":{"start":{"line":619,"column":0},"end":{"line":619,"column":5}},"619":{"start":{"line":620,"column":0},"end":{"line":620,"column":2}},"620":{"start":{"line":621,"column":0},"end":{"line":621,"column":0}},"621":{"start":{"line":622,"column":0},"end":{"line":622,"column":3}},"622":{"start":{"line":623,"column":0},"end":{"line":623,"column":38}},"623":{"start":{"line":624,"column":0},"end":{"line":624,"column":49}},"624":{"start":{"line":625,"column":0},"end":{"line":625,"column":3}},"625":{"start":{"line":626,"column":0},"end":{"line":626,"column":32}},"626":{"start":{"line":627,"column":0},"end":{"line":627,"column":45}},"627":{"start":{"line":628,"column":0},"end":{"line":628,"column":60}},"628":{"start":{"line":629,"column":0},"end":{"line":629,"column":38}},"629":{"start":{"line":630,"column":0},"end":{"line":630,"column":59}},"630":{"start":{"line":631,"column":0},"end":{"line":631,"column":87}},"631":{"start":{"line":632,"column":0},"end":{"line":632,"column":81}},"632":{"start":{"line":633,"column":0},"end":{"line":633,"column":61}},"633":{"start":{"line":634,"column":0},"end":{"line":634,"column":13}},"634":{"start":{"line":635,"column":0},"end":{"line":635,"column":9}},"635":{"start":{"line":636,"column":0},"end":{"line":636,"column":5}},"636":{"start":{"line":637,"column":0},"end":{"line":637,"column":2}},"637":{"start":{"line":638,"column":0},"end":{"line":638,"column":0}},"638":{"start":{"line":639,"column":0},"end":{"line":639,"column":3}},"639":{"start":{"line":640,"column":0},"end":{"line":640,"column":98}},"640":{"start":{"line":641,"column":0},"end":{"line":641,"column":23}},"641":{"start":{"line":642,"column":0},"end":{"line":642,"column":3}},"642":{"start":{"line":643,"column":0},"end":{"line":643,"column":24}},"643":{"start":{"line":644,"column":0},"end":{"line":644,"column":76}},"644":{"start":{"line":645,"column":0},"end":{"line":645,"column":51}},"645":{"start":{"line":646,"column":0},"end":{"line":646,"column":50}},"646":{"start":{"line":647,"column":0},"end":{"line":647,"column":2}},"647":{"start":{"line":648,"column":0},"end":{"line":648,"column":0}},"648":{"start":{"line":649,"column":0},"end":{"line":649,"column":3}},"649":{"start":{"line":650,"column":0},"end":{"line":650,"column":76}},"650":{"start":{"line":651,"column":0},"end":{"line":651,"column":23}},"651":{"start":{"line":652,"column":0},"end":{"line":652,"column":3}},"652":{"start":{"line":653,"column":0},"end":{"line":653,"column":43}},"653":{"start":{"line":654,"column":0},"end":{"line":654,"column":28}},"654":{"start":{"line":655,"column":0},"end":{"line":655,"column":59}},"655":{"start":{"line":656,"column":0},"end":{"line":656,"column":31}},"656":{"start":{"line":657,"column":0},"end":{"line":657,"column":32}},"657":{"start":{"line":658,"column":0},"end":{"line":658,"column":16}},"658":{"start":{"line":659,"column":0},"end":{"line":659,"column":34}},"659":{"start":{"line":660,"column":0},"end":{"line":660,"column":9}},"660":{"start":{"line":661,"column":0},"end":{"line":661,"column":68}},"661":{"start":{"line":662,"column":0},"end":{"line":662,"column":5}},"662":{"start":{"line":663,"column":0},"end":{"line":663,"column":2}},"663":{"start":{"line":664,"column":0},"end":{"line":664,"column":0}},"664":{"start":{"line":665,"column":0},"end":{"line":665,"column":3}},"665":{"start":{"line":666,"column":0},"end":{"line":666,"column":76}},"666":{"start":{"line":667,"column":0},"end":{"line":667,"column":23}},"667":{"start":{"line":668,"column":0},"end":{"line":668,"column":3}},"668":{"start":{"line":669,"column":0},"end":{"line":669,"column":43}},"669":{"start":{"line":670,"column":0},"end":{"line":670,"column":28}},"670":{"start":{"line":671,"column":0},"end":{"line":671,"column":32}},"671":{"start":{"line":672,"column":0},"end":{"line":672,"column":31}},"672":{"start":{"line":673,"column":0},"end":{"line":673,"column":32}},"673":{"start":{"line":674,"column":0},"end":{"line":674,"column":16}},"674":{"start":{"line":675,"column":0},"end":{"line":675,"column":34}},"675":{"start":{"line":676,"column":0},"end":{"line":676,"column":9}},"676":{"start":{"line":677,"column":0},"end":{"line":677,"column":68}},"677":{"start":{"line":678,"column":0},"end":{"line":678,"column":5}},"678":{"start":{"line":679,"column":0},"end":{"line":679,"column":2}},"679":{"start":{"line":680,"column":0},"end":{"line":680,"column":0}},"680":{"start":{"line":681,"column":0},"end":{"line":681,"column":3}},"681":{"start":{"line":682,"column":0},"end":{"line":682,"column":109}},"682":{"start":{"line":683,"column":0},"end":{"line":683,"column":23}},"683":{"start":{"line":684,"column":0},"end":{"line":684,"column":3}},"684":{"start":{"line":685,"column":0},"end":{"line":685,"column":43}},"685":{"start":{"line":686,"column":0},"end":{"line":686,"column":28}},"686":{"start":{"line":687,"column":0},"end":{"line":687,"column":70}},"687":{"start":{"line":688,"column":0},"end":{"line":688,"column":31}},"688":{"start":{"line":689,"column":0},"end":{"line":689,"column":32}},"689":{"start":{"line":690,"column":0},"end":{"line":690,"column":16}},"690":{"start":{"line":691,"column":0},"end":{"line":691,"column":34}},"691":{"start":{"line":692,"column":0},"end":{"line":692,"column":9}},"692":{"start":{"line":693,"column":0},"end":{"line":693,"column":42}},"693":{"start":{"line":694,"column":0},"end":{"line":694,"column":5}},"694":{"start":{"line":695,"column":0},"end":{"line":695,"column":2}},"695":{"start":{"line":696,"column":0},"end":{"line":696,"column":0}},"696":{"start":{"line":697,"column":0},"end":{"line":697,"column":3}},"697":{"start":{"line":698,"column":0},"end":{"line":698,"column":86}},"698":{"start":{"line":699,"column":0},"end":{"line":699,"column":23}},"699":{"start":{"line":700,"column":0},"end":{"line":700,"column":3}},"700":{"start":{"line":701,"column":0},"end":{"line":701,"column":44}},"701":{"start":{"line":702,"column":0},"end":{"line":702,"column":28}},"702":{"start":{"line":703,"column":0},"end":{"line":703,"column":122}},"703":{"start":{"line":704,"column":0},"end":{"line":704,"column":31}},"704":{"start":{"line":705,"column":0},"end":{"line":705,"column":32}},"705":{"start":{"line":706,"column":0},"end":{"line":706,"column":16}},"706":{"start":{"line":707,"column":0},"end":{"line":707,"column":34}},"707":{"start":{"line":708,"column":0},"end":{"line":708,"column":9}},"708":{"start":{"line":709,"column":0},"end":{"line":709,"column":42}},"709":{"start":{"line":710,"column":0},"end":{"line":710,"column":5}},"710":{"start":{"line":711,"column":0},"end":{"line":711,"column":2}},"711":{"start":{"line":712,"column":0},"end":{"line":712,"column":0}},"712":{"start":{"line":713,"column":0},"end":{"line":713,"column":89}},"713":{"start":{"line":714,"column":0},"end":{"line":714,"column":3}},"714":{"start":{"line":715,"column":0},"end":{"line":715,"column":23}},"715":{"start":{"line":716,"column":0},"end":{"line":716,"column":3}},"716":{"start":{"line":717,"column":0},"end":{"line":717,"column":37}},"717":{"start":{"line":718,"column":0},"end":{"line":718,"column":28}},"718":{"start":{"line":719,"column":0},"end":{"line":719,"column":32}},"719":{"start":{"line":720,"column":0},"end":{"line":720,"column":49}},"720":{"start":{"line":721,"column":0},"end":{"line":721,"column":9}},"721":{"start":{"line":722,"column":0},"end":{"line":722,"column":5}},"722":{"start":{"line":723,"column":0},"end":{"line":723,"column":2}},"723":{"start":{"line":724,"column":0},"end":{"line":724,"column":3}},"724":{"start":{"line":725,"column":0},"end":{"line":725,"column":23}},"725":{"start":{"line":726,"column":0},"end":{"line":726,"column":3}},"726":{"start":{"line":727,"column":0},"end":{"line":727,"column":37}},"727":{"start":{"line":728,"column":0},"end":{"line":728,"column":28}},"728":{"start":{"line":729,"column":0},"end":{"line":729,"column":59}},"729":{"start":{"line":730,"column":0},"end":{"line":730,"column":49}},"730":{"start":{"line":731,"column":0},"end":{"line":731,"column":9}},"731":{"start":{"line":732,"column":0},"end":{"line":732,"column":5}},"732":{"start":{"line":733,"column":0},"end":{"line":733,"column":2}},"733":{"start":{"line":734,"column":0},"end":{"line":734,"column":3}},"734":{"start":{"line":735,"column":0},"end":{"line":735,"column":23}},"735":{"start":{"line":736,"column":0},"end":{"line":736,"column":3}},"736":{"start":{"line":737,"column":0},"end":{"line":737,"column":37}},"737":{"start":{"line":738,"column":0},"end":{"line":738,"column":28}},"738":{"start":{"line":739,"column":0},"end":{"line":739,"column":70}},"739":{"start":{"line":740,"column":0},"end":{"line":740,"column":49}},"740":{"start":{"line":741,"column":0},"end":{"line":741,"column":9}},"741":{"start":{"line":742,"column":0},"end":{"line":742,"column":5}},"742":{"start":{"line":743,"column":0},"end":{"line":743,"column":2}},"743":{"start":{"line":744,"column":0},"end":{"line":744,"column":3}},"744":{"start":{"line":745,"column":0},"end":{"line":745,"column":23}},"745":{"start":{"line":746,"column":0},"end":{"line":746,"column":3}},"746":{"start":{"line":747,"column":0},"end":{"line":747,"column":38}},"747":{"start":{"line":748,"column":0},"end":{"line":748,"column":28}},"748":{"start":{"line":749,"column":0},"end":{"line":749,"column":122}},"749":{"start":{"line":750,"column":0},"end":{"line":750,"column":49}},"750":{"start":{"line":751,"column":0},"end":{"line":751,"column":9}},"751":{"start":{"line":752,"column":0},"end":{"line":752,"column":5}},"752":{"start":{"line":753,"column":0},"end":{"line":753,"column":2}},"753":{"start":{"line":754,"column":0},"end":{"line":754,"column":0}},"754":{"start":{"line":755,"column":0},"end":{"line":755,"column":3}},"755":{"start":{"line":756,"column":0},"end":{"line":756,"column":81}},"756":{"start":{"line":757,"column":0},"end":{"line":757,"column":3}},"757":{"start":{"line":758,"column":0},"end":{"line":758,"column":42}},"758":{"start":{"line":759,"column":0},"end":{"line":759,"column":30}},"759":{"start":{"line":760,"column":0},"end":{"line":760,"column":38}},"760":{"start":{"line":761,"column":0},"end":{"line":761,"column":52}},"761":{"start":{"line":762,"column":0},"end":{"line":762,"column":113}},"762":{"start":{"line":763,"column":0},"end":{"line":763,"column":37}},"763":{"start":{"line":764,"column":0},"end":{"line":764,"column":41}},"764":{"start":{"line":765,"column":0},"end":{"line":765,"column":21}},"765":{"start":{"line":766,"column":0},"end":{"line":766,"column":2}},"766":{"start":{"line":767,"column":0},"end":{"line":767,"column":0}},"767":{"start":{"line":768,"column":0},"end":{"line":768,"column":0}},"768":{"start":{"line":769,"column":0},"end":{"line":769,"column":3}},"769":{"start":{"line":770,"column":0},"end":{"line":770,"column":58}},"770":{"start":{"line":771,"column":0},"end":{"line":771,"column":23}},"771":{"start":{"line":772,"column":0},"end":{"line":772,"column":26}},"772":{"start":{"line":773,"column":0},"end":{"line":773,"column":3}},"773":{"start":{"line":774,"column":0},"end":{"line":774,"column":46}},"774":{"start":{"line":775,"column":0},"end":{"line":775,"column":52}},"775":{"start":{"line":776,"column":0},"end":{"line":776,"column":120}},"776":{"start":{"line":777,"column":0},"end":{"line":777,"column":59}},"777":{"start":{"line":778,"column":0},"end":{"line":778,"column":38}},"778":{"start":{"line":779,"column":0},"end":{"line":779,"column":5}},"779":{"start":{"line":780,"column":0},"end":{"line":780,"column":2}},"780":{"start":{"line":781,"column":0},"end":{"line":781,"column":3}},"781":{"start":{"line":782,"column":0},"end":{"line":782,"column":56}},"782":{"start":{"line":783,"column":0},"end":{"line":783,"column":23}},"783":{"start":{"line":784,"column":0},"end":{"line":784,"column":26}},"784":{"start":{"line":785,"column":0},"end":{"line":785,"column":3}},"785":{"start":{"line":786,"column":0},"end":{"line":786,"column":43}},"786":{"start":{"line":787,"column":0},"end":{"line":787,"column":42}},"787":{"start":{"line":788,"column":0},"end":{"line":788,"column":44}},"788":{"start":{"line":789,"column":0},"end":{"line":789,"column":84}},"789":{"start":{"line":790,"column":0},"end":{"line":790,"column":9}},"790":{"start":{"line":791,"column":0},"end":{"line":791,"column":80}},"791":{"start":{"line":792,"column":0},"end":{"line":792,"column":12}},"792":{"start":{"line":793,"column":0},"end":{"line":793,"column":42}},"793":{"start":{"line":794,"column":0},"end":{"line":794,"column":46}},"794":{"start":{"line":795,"column":0},"end":{"line":795,"column":39}},"795":{"start":{"line":796,"column":0},"end":{"line":796,"column":55}},"796":{"start":{"line":797,"column":0},"end":{"line":797,"column":57}},"797":{"start":{"line":798,"column":0},"end":{"line":798,"column":54}},"798":{"start":{"line":799,"column":0},"end":{"line":799,"column":43}},"799":{"start":{"line":800,"column":0},"end":{"line":800,"column":13}},"800":{"start":{"line":801,"column":0},"end":{"line":801,"column":56}},"801":{"start":{"line":802,"column":0},"end":{"line":802,"column":35}},"802":{"start":{"line":803,"column":0},"end":{"line":803,"column":9}},"803":{"start":{"line":804,"column":0},"end":{"line":804,"column":112}},"804":{"start":{"line":805,"column":0},"end":{"line":805,"column":5}},"805":{"start":{"line":806,"column":0},"end":{"line":806,"column":2}},"806":{"start":{"line":807,"column":0},"end":{"line":807,"column":0}},"807":{"start":{"line":808,"column":0},"end":{"line":808,"column":3}},"808":{"start":{"line":809,"column":0},"end":{"line":809,"column":101}},"809":{"start":{"line":810,"column":0},"end":{"line":810,"column":24}},"810":{"start":{"line":811,"column":0},"end":{"line":811,"column":3}},"811":{"start":{"line":812,"column":0},"end":{"line":812,"column":32}},"812":{"start":{"line":813,"column":0},"end":{"line":813,"column":30}},"813":{"start":{"line":814,"column":0},"end":{"line":814,"column":90}},"814":{"start":{"line":815,"column":0},"end":{"line":815,"column":94}},"815":{"start":{"line":816,"column":0},"end":{"line":816,"column":14}},"816":{"start":{"line":817,"column":0},"end":{"line":817,"column":11}},"817":{"start":{"line":818,"column":0},"end":{"line":818,"column":126}},"818":{"start":{"line":819,"column":0},"end":{"line":819,"column":40}},"819":{"start":{"line":820,"column":0},"end":{"line":820,"column":146}},"820":{"start":{"line":821,"column":0},"end":{"line":821,"column":92}},"821":{"start":{"line":822,"column":0},"end":{"line":822,"column":14}},"822":{"start":{"line":823,"column":0},"end":{"line":823,"column":11}},"823":{"start":{"line":824,"column":0},"end":{"line":824,"column":12}},"824":{"start":{"line":825,"column":0},"end":{"line":825,"column":40}},"825":{"start":{"line":826,"column":0},"end":{"line":826,"column":144}},"826":{"start":{"line":827,"column":0},"end":{"line":827,"column":92}},"827":{"start":{"line":828,"column":0},"end":{"line":828,"column":14}},"828":{"start":{"line":829,"column":0},"end":{"line":829,"column":11}},"829":{"start":{"line":830,"column":0},"end":{"line":830,"column":5}},"830":{"start":{"line":831,"column":0},"end":{"line":831,"column":2}},"831":{"start":{"line":832,"column":0},"end":{"line":832,"column":0}},"832":{"start":{"line":833,"column":0},"end":{"line":833,"column":3}},"833":{"start":{"line":834,"column":0},"end":{"line":834,"column":102}},"834":{"start":{"line":835,"column":0},"end":{"line":835,"column":63}},"835":{"start":{"line":836,"column":0},"end":{"line":836,"column":24}},"836":{"start":{"line":837,"column":0},"end":{"line":837,"column":3}},"837":{"start":{"line":838,"column":0},"end":{"line":838,"column":35}},"838":{"start":{"line":839,"column":0},"end":{"line":839,"column":30}},"839":{"start":{"line":840,"column":0},"end":{"line":840,"column":94}},"840":{"start":{"line":841,"column":0},"end":{"line":841,"column":94}},"841":{"start":{"line":842,"column":0},"end":{"line":842,"column":14}},"842":{"start":{"line":843,"column":0},"end":{"line":843,"column":11}},"843":{"start":{"line":844,"column":0},"end":{"line":844,"column":36}},"844":{"start":{"line":845,"column":0},"end":{"line":845,"column":94}},"845":{"start":{"line":846,"column":0},"end":{"line":846,"column":92}},"846":{"start":{"line":847,"column":0},"end":{"line":847,"column":14}},"847":{"start":{"line":848,"column":0},"end":{"line":848,"column":11}},"848":{"start":{"line":849,"column":0},"end":{"line":849,"column":2}},"849":{"start":{"line":850,"column":0},"end":{"line":850,"column":0}},"850":{"start":{"line":851,"column":0},"end":{"line":851,"column":18}},"851":{"start":{"line":852,"column":0},"end":{"line":852,"column":12}},"852":{"start":{"line":853,"column":0},"end":{"line":853,"column":12}},"853":{"start":{"line":854,"column":0},"end":{"line":854,"column":10}},"854":{"start":{"line":855,"column":0},"end":{"line":855,"column":10}},"855":{"start":{"line":856,"column":0},"end":{"line":856,"column":17}},"856":{"start":{"line":857,"column":0},"end":{"line":857,"column":18}},"857":{"start":{"line":858,"column":0},"end":{"line":858,"column":18}},"858":{"start":{"line":859,"column":0},"end":{"line":859,"column":19}},"859":{"start":{"line":860,"column":0},"end":{"line":860,"column":19}},"860":{"start":{"line":861,"column":0},"end":{"line":861,"column":19}},"861":{"start":{"line":862,"column":0},"end":{"line":862,"column":20}},"862":{"start":{"line":863,"column":0},"end":{"line":863,"column":6}},"863":{"start":{"line":864,"column":0},"end":{"line":864,"column":6}},"864":{"start":{"line":865,"column":0},"end":{"line":865,"column":2}}},"s":{"0":1,"1":1,"2":1,"3":1,"4":1,"5":1,"6":1,"7":1,"8":1,"9":1,"10":1,"11":1,"12":1,"13":1,"14":1,"15":1,"16":1,"17":1,"18":1,"19":1,"20":1,"21":1,"22":1,"23":1,"24":1,"25":1,"26":1,"27":1,"28":1,"29":1,"30":1,"31":1,"32":1,"33":1,"34":1,"35":1,"36":1,"37":1,"38":1,"39":1,"40":0,"41":1,"42":1,"43":1,"44":1,"45":1,"46":1,"47":0,"48":0,"49":0,"50":0,"51":0,"52":0,"53":1,"54":1,"55":1,"56":1,"57":1,"58":1,"59":0,"60":0,"61":0,"62":0,"63":0,"64":0,"65":0,"66":0,"67":0,"68":0,"69":0,"70":0,"71":0,"72":1,"73":1,"74":1,"75":1,"76":1,"77":0,"78":0,"79":0,"80":0,"81":0,"82":0,"83":0,"84":0,"85":0,"86":0,"87":0,"88":0,"89":0,"90":0,"91":0,"92":0,"93":0,"94":0,"95":0,"96":0,"97":0,"98":0,"99":0,"100":0,"101":0,"102":0,"103":0,"104":0,"105":0,"106":0,"107":0,"108":0,"109":0,"110":0,"111":0,"112":0,"113":0,"114":0,"115":0,"116":0,"117":0,"118":0,"119":0,"120":0,"121":0,"122":0,"123":0,"124":0,"125":0,"126":0,"127":0,"128":0,"129":0,"130":0,"131":0,"132":0,"133":0,"134":0,"135":0,"136":0,"137":0,"138":0,"139":0,"140":0,"141":1,"142":1,"143":1,"144":1,"145":1,"146":1,"147":0,"148":0,"149":0,"150":0,"151":0,"152":0,"153":0,"154":0,"155":0,"156":1,"157":1,"158":1,"159":1,"160":1,"161":0,"162":0,"163":0,"164":0,"165":1,"166":1,"167":1,"168":1,"169":1,"170":1,"171":1,"172":1,"173":1,"174":1,"175":1,"176":1,"177":1,"178":1,"179":1,"180":1,"181":1,"182":1,"183":1,"184":1,"185":1,"186":1,"187":1,"188":1,"189":1,"190":1,"191":1,"192":1,"193":1,"194":1,"195":1,"196":1,"197":1,"198":1,"199":1,"200":1,"201":1,"202":1,"203":1,"204":0,"205":0,"206":0,"207":0,"208":0,"209":0,"210":0,"211":0,"212":0,"213":0,"214":0,"215":0,"216":0,"217":0,"218":0,"219":0,"220":0,"221":0,"222":0,"223":0,"224":0,"225":1,"226":1,"227":1,"228":1,"229":1,"230":0,"231":0,"232":0,"233":0,"234":0,"235":0,"236":0,"237":0,"238":0,"239":0,"240":0,"241":0,"242":0,"243":0,"244":0,"245":0,"246":0,"247":0,"248":0,"249":0,"250":0,"251":0,"252":0,"253":0,"254":0,"255":0,"256":0,"257":0,"258":1,"259":1,"260":1,"261":1,"262":1,"263":1,"264":1,"265":0,"266":0,"267":0,"268":0,"269":0,"270":0,"271":0,"272":0,"273":0,"274":0,"275":0,"276":0,"277":1,"278":1,"279":1,"280":1,"281":1,"282":1,"283":3,"284":24,"285":24,"286":24,"287":24,"288":24,"289":3,"290":1,"291":1,"292":1,"293":1,"294":1,"295":1,"296":1,"297":0,"298":0,"299":0,"300":0,"301":0,"302":0,"303":0,"304":0,"305":0,"306":0,"307":0,"308":0,"309":0,"310":0,"311":1,"312":1,"313":1,"314":1,"315":1,"316":1,"317":0,"318":0,"319":0,"320":0,"321":0,"322":0,"323":0,"324":1,"325":1,"326":1,"327":1,"328":1,"329":0,"330":0,"331":0,"332":0,"333":0,"334":0,"335":0,"336":1,"337":1,"338":1,"339":1,"340":1,"341":0,"342":0,"343":0,"344":0,"345":0,"346":0,"347":0,"348":0,"349":1,"350":1,"351":1,"352":1,"353":1,"354":0,"355":0,"356":0,"357":0,"358":0,"359":0,"360":0,"361":0,"362":1,"363":1,"364":1,"365":1,"366":1,"367":1,"368":1,"369":1,"370":0,"371":0,"372":0,"373":0,"374":0,"375":0,"376":0,"377":0,"378":0,"379":0,"380":1,"381":1,"382":1,"383":1,"384":1,"385":1,"386":1,"387":1,"388":0,"389":0,"390":0,"391":0,"392":0,"393":0,"394":0,"395":1,"396":1,"397":1,"398":1,"399":1,"400":1,"401":0,"402":0,"403":0,"404":0,"405":0,"406":1,"407":1,"408":1,"409":1,"410":1,"411":1,"412":1,"413":0,"414":0,"415":0,"416":0,"417":0,"418":0,"419":0,"420":0,"421":0,"422":0,"423":0,"424":0,"425":0,"426":0,"427":0,"428":0,"429":1,"430":1,"431":1,"432":1,"433":1,"434":0,"435":0,"436":0,"437":0,"438":0,"439":0,"440":0,"441":0,"442":0,"443":0,"444":0,"445":0,"446":0,"447":0,"448":0,"449":1,"450":1,"451":1,"452":1,"453":1,"454":1,"455":1,"456":1,"457":3,"458":3,"459":1,"460":2,"461":1,"462":1,"463":1,"464":1,"465":1,"466":1,"467":1,"468":1,"469":1,"470":0,"471":0,"472":0,"473":0,"474":0,"475":0,"476":0,"477":0,"478":0,"479":0,"480":0,"481":0,"482":0,"483":0,"484":0,"485":0,"486":0,"487":0,"488":0,"489":0,"490":0,"491":0,"492":0,"493":0,"494":0,"495":1,"496":1,"497":1,"498":1,"499":1,"500":0,"501":0,"502":0,"503":0,"504":0,"505":0,"506":0,"507":0,"508":0,"509":0,"510":0,"511":0,"512":0,"513":0,"514":0,"515":0,"516":0,"517":0,"518":0,"519":0,"520":0,"521":0,"522":1,"523":1,"524":1,"525":1,"526":1,"527":0,"528":0,"529":0,"530":0,"531":0,"532":0,"533":0,"534":0,"535":0,"536":0,"537":0,"538":0,"539":0,"540":0,"541":0,"542":0,"543":0,"544":0,"545":0,"546":0,"547":0,"548":0,"549":1,"550":1,"551":1,"552":1,"553":1,"554":1,"555":0,"556":0,"557":0,"558":0,"559":0,"560":0,"561":0,"562":0,"563":0,"564":0,"565":1,"566":1,"567":1,"568":1,"569":1,"570":1,"571":1,"572":0,"573":0,"574":0,"575":0,"576":0,"577":0,"578":1,"579":1,"580":1,"581":1,"582":1,"583":1,"584":1,"585":1,"586":0,"587":0,"588":0,"589":0,"590":0,"591":0,"592":0,"593":0,"594":0,"595":0,"596":0,"597":0,"598":0,"599":0,"600":0,"601":0,"602":0,"603":0,"604":0,"605":0,"606":0,"607":0,"608":0,"609":0,"610":0,"611":0,"612":0,"613":0,"614":0,"615":0,"616":0,"617":0,"618":0,"619":0,"620":1,"621":1,"622":1,"623":1,"624":1,"625":1,"626":2,"627":1,"628":1,"629":1,"630":3,"631":3,"632":3,"633":3,"634":1,"635":1,"636":2,"637":1,"638":1,"639":1,"640":1,"641":1,"642":1,"643":3,"644":3,"645":3,"646":3,"647":1,"648":1,"649":1,"650":1,"651":1,"652":1,"653":0,"654":0,"655":0,"656":0,"657":0,"658":0,"659":0,"660":0,"661":0,"662":0,"663":1,"664":1,"665":1,"666":1,"667":1,"668":1,"669":0,"670":0,"671":0,"672":0,"673":0,"674":0,"675":0,"676":0,"677":0,"678":0,"679":1,"680":1,"681":1,"682":1,"683":1,"684":1,"685":0,"686":0,"687":0,"688":0,"689":0,"690":0,"691":0,"692":0,"693":0,"694":0,"695":1,"696":1,"697":1,"698":1,"699":1,"700":1,"701":0,"702":0,"703":0,"704":0,"705":0,"706":0,"707":0,"708":0,"709":0,"710":0,"711":1,"712":1,"713":1,"714":1,"715":1,"716":1,"717":1,"718":8,"719":2,"720":2,"721":8,"722":1,"723":1,"724":1,"725":1,"726":1,"727":1,"728":8,"729":1,"730":1,"731":8,"732":1,"733":1,"734":1,"735":1,"736":1,"737":1,"738":8,"739":1,"740":1,"741":8,"742":1,"743":1,"744":1,"745":1,"746":1,"747":1,"748":8,"749":3,"750":3,"751":8,"752":1,"753":1,"754":1,"755":1,"756":1,"757":1,"758":0,"759":0,"760":0,"761":0,"762":0,"763":0,"764":0,"765":0,"766":1,"767":1,"768":1,"769":1,"770":1,"771":1,"772":1,"773":1,"774":0,"775":0,"776":0,"777":0,"778":0,"779":0,"780":1,"781":1,"782":1,"783":1,"784":1,"785":1,"786":5,"787":1,"788":1,"789":1,"790":1,"791":5,"792":4,"793":4,"794":1,"795":4,"796":2,"797":2,"798":2,"799":2,"800":3,"801":1,"802":1,"803":4,"804":4,"805":5,"806":1,"807":1,"808":1,"809":1,"810":1,"811":1,"812":0,"813":0,"814":0,"815":0,"816":0,"817":0,"818":0,"819":0,"820":0,"821":0,"822":0,"823":0,"824":0,"825":0,"826":0,"827":0,"828":0,"829":0,"830":0,"831":1,"832":1,"833":1,"834":1,"835":1,"836":1,"837":1,"838":0,"839":0,"840":0,"841":0,"842":0,"843":0,"844":0,"845":0,"846":0,"847":0,"848":0,"849":1,"850":1,"851":1,"852":1,"853":1,"854":1,"855":1,"856":1,"857":1,"858":1,"859":1,"860":1,"861":1,"862":1,"863":1,"864":1},"branchMap":{"0":{"type":"branch","line":171,"loc":{"start":{"line":171,"column":17},"end":{"line":197,"column":2}},"locations":[{"start":{"line":171,"column":17},"end":{"line":197,"column":2}}]},"1":{"type":"branch","line":283,"loc":{"start":{"line":283,"column":18},"end":{"line":290,"column":2}},"locations":[{"start":{"line":283,"column":18},"end":{"line":290,"column":2}}]},"2":{"type":"branch","line":284,"loc":{"start":{"line":284,"column":32},"end":{"line":289,"column":5}},"locations":[{"start":{"line":284,"column":32},"end":{"line":289,"column":5}}]},"3":{"type":"branch","line":455,"loc":{"start":{"line":455,"column":26},"end":{"line":464,"column":2}},"locations":[{"start":{"line":455,"column":26},"end":{"line":464,"column":2}}]},"4":{"type":"branch","line":457,"loc":{"start":{"line":457,"column":40},"end":{"line":459,"column":5}},"locations":[{"start":{"line":457,"column":40},"end":{"line":459,"column":5}}]},"5":{"type":"branch","line":460,"loc":{"start":{"line":460,"column":46},"end":{"line":462,"column":5}},"locations":[{"start":{"line":460,"column":46},"end":{"line":462,"column":5}}]},"6":{"type":"branch","line":461,"loc":{"start":{"line":461,"column":39},"end":{"line":461,"column":65}},"locations":[{"start":{"line":461,"column":39},"end":{"line":461,"column":65}}]},"7":{"type":"branch","line":626,"loc":{"start":{"line":626,"column":25},"end":{"line":637,"column":2}},"locations":[{"start":{"line":626,"column":25},"end":{"line":637,"column":2}}]},"8":{"type":"branch","line":627,"loc":{"start":{"line":627,"column":44},"end":{"line":636,"column":5}},"locations":[{"start":{"line":627,"column":44},"end":{"line":636,"column":5}}]},"9":{"type":"branch","line":630,"loc":{"start":{"line":630,"column":58},"end":{"line":634,"column":13}},"locations":[{"start":{"line":630,"column":58},"end":{"line":634,"column":13}}]},"10":{"type":"branch","line":643,"loc":{"start":{"line":643,"column":14},"end":{"line":647,"column":2}},"locations":[{"start":{"line":643,"column":14},"end":{"line":647,"column":2}}]},"11":{"type":"branch","line":717,"loc":{"start":{"line":717,"column":27},"end":{"line":723,"column":2}},"locations":[{"start":{"line":717,"column":27},"end":{"line":723,"column":2}}]},"12":{"type":"branch","line":718,"loc":{"start":{"line":718,"column":27},"end":{"line":722,"column":5}},"locations":[{"start":{"line":718,"column":27},"end":{"line":722,"column":5}}]},"13":{"type":"branch","line":719,"loc":{"start":{"line":719,"column":31},"end":{"line":721,"column":9}},"locations":[{"start":{"line":719,"column":31},"end":{"line":721,"column":9}}]},"14":{"type":"branch","line":727,"loc":{"start":{"line":727,"column":27},"end":{"line":733,"column":2}},"locations":[{"start":{"line":727,"column":27},"end":{"line":733,"column":2}}]},"15":{"type":"branch","line":728,"loc":{"start":{"line":728,"column":27},"end":{"line":732,"column":5}},"locations":[{"start":{"line":728,"column":27},"end":{"line":732,"column":5}}]},"16":{"type":"branch","line":729,"loc":{"start":{"line":729,"column":31},"end":{"line":729,"column":56}},"locations":[{"start":{"line":729,"column":31},"end":{"line":729,"column":56}}]},"17":{"type":"branch","line":729,"loc":{"start":{"line":729,"column":58},"end":{"line":731,"column":9}},"locations":[{"start":{"line":729,"column":58},"end":{"line":731,"column":9}}]},"18":{"type":"branch","line":737,"loc":{"start":{"line":737,"column":27},"end":{"line":743,"column":2}},"locations":[{"start":{"line":737,"column":27},"end":{"line":743,"column":2}}]},"19":{"type":"branch","line":738,"loc":{"start":{"line":738,"column":27},"end":{"line":742,"column":5}},"locations":[{"start":{"line":738,"column":27},"end":{"line":742,"column":5}}]},"20":{"type":"branch","line":739,"loc":{"start":{"line":739,"column":69},"end":{"line":741,"column":9}},"locations":[{"start":{"line":739,"column":69},"end":{"line":741,"column":9}}]},"21":{"type":"branch","line":747,"loc":{"start":{"line":747,"column":28},"end":{"line":753,"column":2}},"locations":[{"start":{"line":747,"column":28},"end":{"line":753,"column":2}}]},"22":{"type":"branch","line":748,"loc":{"start":{"line":748,"column":27},"end":{"line":752,"column":5}},"locations":[{"start":{"line":748,"column":27},"end":{"line":752,"column":5}}]},"23":{"type":"branch","line":749,"loc":{"start":{"line":749,"column":72},"end":{"line":749,"column":119}},"locations":[{"start":{"line":749,"column":72},"end":{"line":749,"column":119}}]},"24":{"type":"branch","line":749,"loc":{"start":{"line":749,"column":121},"end":{"line":751,"column":9}},"locations":[{"start":{"line":749,"column":121},"end":{"line":751,"column":9}}]},"25":{"type":"branch","line":786,"loc":{"start":{"line":786,"column":24},"end":{"line":806,"column":2}},"locations":[{"start":{"line":786,"column":24},"end":{"line":806,"column":2}}]},"26":{"type":"branch","line":787,"loc":{"start":{"line":787,"column":41},"end":{"line":792,"column":5}},"locations":[{"start":{"line":787,"column":41},"end":{"line":792,"column":5}}]},"27":{"type":"branch","line":792,"loc":{"start":{"line":792,"column":5},"end":{"line":805,"column":5}},"locations":[{"start":{"line":792,"column":5},"end":{"line":805,"column":5}}]},"28":{"type":"branch","line":794,"loc":{"start":{"line":794,"column":45},"end":{"line":796,"column":9}},"locations":[{"start":{"line":794,"column":45},"end":{"line":796,"column":9}}]},"29":{"type":"branch","line":796,"loc":{"start":{"line":796,"column":9},"end":{"line":803,"column":9}},"locations":[{"start":{"line":796,"column":9},"end":{"line":803,"column":9}}]},"30":{"type":"branch","line":796,"loc":{"start":{"line":796,"column":54},"end":{"line":801,"column":9}},"locations":[{"start":{"line":796,"column":54},"end":{"line":801,"column":9}}]},"31":{"type":"branch","line":801,"loc":{"start":{"line":801,"column":9},"end":{"line":803,"column":9}},"locations":[{"start":{"line":801,"column":9},"end":{"line":803,"column":9}}]}},"b":{"0":[1],"1":[3],"2":[24],"3":[1],"4":[3],"5":[2],"6":[1],"7":[2],"8":[1],"9":[3],"10":[3],"11":[1],"12":[8],"13":[2],"14":[1],"15":[8],"16":[1],"17":[1],"18":[1],"19":[8],"20":[1],"21":[1],"22":[8],"23":[6],"24":[3],"25":[5],"26":[1],"27":[4],"28":[1],"29":[3],"30":[2],"31":[1]},"fnMap":{"0":{"name":"homePageListeners","decl":{"start":{"line":59,"column":26},"end":{"line":72,"column":2}},"loc":{"start":{"line":59,"column":26},"end":{"line":72,"column":2}},"line":59},"1":{"name":"initializeGame","decl":{"start":{"line":77,"column":23},"end":{"line":141,"column":2}},"loc":{"start":{"line":77,"column":23},"end":{"line":141,"column":2}},"line":77},"2":{"name":"showChoiceButtons","decl":{"start":{"line":147,"column":26},"end":{"line":156,"column":2}},"loc":{"start":{"line":147,"column":26},"end":{"line":156,"column":2}},"line":147},"3":{"name":"startGame","decl":{"start":{"line":161,"column":18},"end":{"line":165,"column":2}},"loc":{"start":{"line":161,"column":18},"end":{"line":165,"column":2}},"line":161},"4":{"name":"resetAll","decl":{"start":{"line":171,"column":17},"end":{"line":197,"column":2}},"loc":{"start":{"line":171,"column":17},"end":{"line":197,"column":2}},"line":171},"5":{"name":"shuffleDeck","decl":{"start":{"line":204,"column":20},"end":{"line":225,"column":2}},"loc":{"start":{"line":204,"column":20},"end":{"line":225,"column":2}},"line":204},"6":{"name":"errorHandler","decl":{"start":{"line":230,"column":21},"end":{"line":258,"column":2}},"loc":{"start":{"line":230,"column":21},"end":{"line":258,"column":2}},"line":230},"7":{"name":"dealInitialHand","decl":{"start":{"line":265,"column":24},"end":{"line":277,"column":2}},"loc":{"start":{"line":265,"column":24},"end":{"line":277,"column":2}},"line":265},"8":{"name":"dealHand","decl":{"start":{"line":283,"column":18},"end":{"line":290,"column":2}},"loc":{"start":{"line":283,"column":18},"end":{"line":290,"column":2}},"line":283},"9":{"name":"displayHand","decl":{"start":{"line":297,"column":21},"end":{"line":311,"column":2}},"loc":{"start":{"line":297,"column":21},"end":{"line":311,"column":2}},"line":297},"10":{"name":"displayChecker","decl":{"start":{"line":317,"column":23},"end":{"line":324,"column":2}},"loc":{"start":{"line":317,"column":23},"end":{"line":324,"column":2}},"line":317},"11":{"name":"displayTopCard","decl":{"start":{"line":329,"column":23},"end":{"line":336,"column":2}},"loc":{"start":{"line":329,"column":23},"end":{"line":336,"column":2}},"line":329},"12":{"name":"displayComputerPlayer1Hand","decl":{"start":{"line":341,"column":35},"end":{"line":349,"column":2}},"loc":{"start":{"line":341,"column":35},"end":{"line":349,"column":2}},"line":341},"13":{"name":"displayComputerPlayer2Hand","decl":{"start":{"line":354,"column":35},"end":{"line":362,"column":2}},"loc":{"start":{"line":354,"column":35},"end":{"line":362,"column":2}},"line":354},"14":{"name":"CPDisplay","decl":{"start":{"line":370,"column":18},"end":{"line":380,"column":2}},"loc":{"start":{"line":370,"column":18},"end":{"line":380,"column":2}},"line":370},"15":{"name":"CPDisplayPhone","decl":{"start":{"line":388,"column":23},"end":{"line":395,"column":2}},"loc":{"start":{"line":388,"column":23},"end":{"line":395,"column":2}},"line":388},"16":{"name":"faceDownImageLargeOnly","decl":{"start":{"line":401,"column":32},"end":{"line":406,"column":2}},"loc":{"start":{"line":401,"column":32},"end":{"line":406,"column":2}},"line":401},"17":{"name":"drawCardPlayerClick","decl":{"start":{"line":413,"column":28},"end":{"line":429,"column":2}},"loc":{"start":{"line":413,"column":28},"end":{"line":429,"column":2}},"line":413},"18":{"name":"displayHandDrawCard","decl":{"start":{"line":434,"column":29},"end":{"line":449,"column":2}},"loc":{"start":{"line":434,"column":29},"end":{"line":449,"column":2}},"line":434},"19":{"name":"cardChoiceBuffer","decl":{"start":{"line":455,"column":26},"end":{"line":464,"column":2}},"loc":{"start":{"line":455,"column":26},"end":{"line":464,"column":2}},"line":455},"20":{"name":"addToPile","decl":{"start":{"line":470,"column":18},"end":{"line":495,"column":2}},"loc":{"start":{"line":470,"column":18},"end":{"line":495,"column":2}},"line":470},"21":{"name":"cp1Turn","decl":{"start":{"line":500,"column":16},"end":{"line":522,"column":2}},"loc":{"start":{"line":500,"column":16},"end":{"line":522,"column":2}},"line":500},"22":{"name":"cp2Turn","decl":{"start":{"line":527,"column":16},"end":{"line":549,"column":2}},"loc":{"start":{"line":527,"column":16},"end":{"line":549,"column":2}},"line":527},"23":{"name":"gameStateChecker","decl":{"start":{"line":555,"column":26},"end":{"line":565,"column":2}},"loc":{"start":{"line":555,"column":26},"end":{"line":565,"column":2}},"line":555},"24":{"name":"takeTurn","decl":{"start":{"line":572,"column":17},"end":{"line":578,"column":2}},"loc":{"start":{"line":572,"column":17},"end":{"line":578,"column":2}},"line":572},"25":{"name":"drawCard","decl":{"start":{"line":586,"column":17},"end":{"line":620,"column":2}},"loc":{"start":{"line":586,"column":17},"end":{"line":620,"column":2}},"line":586},"26":{"name":"emptyPileChecker","decl":{"start":{"line":626,"column":25},"end":{"line":637,"column":2}},"loc":{"start":{"line":626,"column":25},"end":{"line":637,"column":2}},"line":626},"27":{"name":"draw","decl":{"start":{"line":643,"column":14},"end":{"line":647,"column":2}},"loc":{"start":{"line":643,"column":14},"end":{"line":647,"column":2}},"line":643},"28":{"name":"draw6CardsCheckerPlayer","decl":{"start":{"line":653,"column":33},"end":{"line":663,"column":2}},"loc":{"start":{"line":653,"column":33},"end":{"line":663,"column":2}},"line":653},"29":{"name":"draw2CardsCheckerPlayer","decl":{"start":{"line":669,"column":33},"end":{"line":679,"column":2}},"loc":{"start":{"line":669,"column":33},"end":{"line":679,"column":2}},"line":669},"30":{"name":"suitChoiceCheckerPlayer","decl":{"start":{"line":685,"column":33},"end":{"line":695,"column":2}},"loc":{"start":{"line":685,"column":33},"end":{"line":695,"column":2}},"line":685},"31":{"name":"eligibilityCheckerPlayer","decl":{"start":{"line":701,"column":34},"end":{"line":711,"column":2}},"loc":{"start":{"line":701,"column":34},"end":{"line":711,"column":2}},"line":701},"32":{"name":"draw2CardsChecker","decl":{"start":{"line":717,"column":27},"end":{"line":723,"column":2}},"loc":{"start":{"line":717,"column":27},"end":{"line":723,"column":2}},"line":717},"33":{"name":"draw6CardsChecker","decl":{"start":{"line":727,"column":27},"end":{"line":733,"column":2}},"loc":{"start":{"line":727,"column":27},"end":{"line":733,"column":2}},"line":727},"34":{"name":"suitChoiceChecker","decl":{"start":{"line":737,"column":27},"end":{"line":743,"column":2}},"loc":{"start":{"line":737,"column":27},"end":{"line":743,"column":2}},"line":737},"35":{"name":"eligibilityChecker","decl":{"start":{"line":747,"column":28},"end":{"line":753,"column":2}},"loc":{"start":{"line":747,"column":28},"end":{"line":753,"column":2}},"line":747},"36":{"name":"pushCardToPile","decl":{"start":{"line":758,"column":23},"end":{"line":766,"column":2}},"loc":{"start":{"line":758,"column":23},"end":{"line":766,"column":2}},"line":758},"37":{"name":"removeCardFromHand","decl":{"start":{"line":774,"column":27},"end":{"line":780,"column":2}},"loc":{"start":{"line":774,"column":27},"end":{"line":780,"column":2}},"line":774},"38":{"name":"gameStateSetter","decl":{"start":{"line":786,"column":24},"end":{"line":806,"column":2}},"loc":{"start":{"line":786,"column":24},"end":{"line":806,"column":2}},"line":786},"39":{"name":"setClickable","decl":{"start":{"line":812,"column":22},"end":{"line":831,"column":2}},"loc":{"start":{"line":812,"column":22},"end":{"line":831,"column":2}},"line":812},"40":{"name":"setNotClickable","decl":{"start":{"line":838,"column":25},"end":{"line":849,"column":2}},"loc":{"start":{"line":838,"column":25},"end":{"line":849,"column":2}},"line":838}},"f":{"0":0,"1":0,"2":0,"3":0,"4":1,"5":0,"6":0,"7":0,"8":3,"9":0,"10":0,"11":0,"12":0,"13":0,"14":0,"15":0,"16":0,"17":0,"18":0,"19":1,"20":0,"21":0,"22":0,"23":0,"24":0,"25":0,"26":2,"27":3,"28":0,"29":0,"30":0,"31":0,"32":1,"33":1,"34":1,"35":1,"36":0,"37":0,"38":5,"39":0,"40":0}}
}
